# JRE version: Java(TM) SE Runtime Environment (17.0.12+8) (build 17.0.12+8-LTS-286)
# Java VM: Java HotSpot(TM) 64-Bit Server VM (17.0.12+8-LTS-286, mixed mode, emulated-client, sharing, tiered, compressed oops, compressed class ptrs, g1 gc, windows-amd64)
GC Precious Log:
 CPUs: 16 total, 16 available
 Memory: 32672M
 Large Page Support: Disabled
 NUMA Support: Disabled
 Compressed Oops: Enabled (Zero based)
 Heap Region Size: 4M
 Heap Min Capacity: 8M
 Heap Initial Capacity: 512M
 Heap Max Capacity: 8172M
 Pre-touch: Disabled
 Parallel Workers: 13
 Concurrent Workers: 3
 Concurrent Refinement Workers: 13
 Periodic GC: Disabled
Heap:
 garbage-first heap   total 69632K, used 21031K [0x0000000601400000, 0x0000000800000000)
  region size 4096K, 2 young (8192K), 1 survivors (4096K)
 Metaspace       used 35945K, committed 36416K, reserved 1114112K
  class space    used 5097K, committed 5312K, reserved 1048576K
GC Heap History (16 events):
Event: 0.380 GC heap before
{Heap before GC invocations=0 (full 0):
 garbage-first heap   total 524288K, used 24576K [0x0000000601400000, 0x0000000800000000)
  region size 4096K, 6 young (24576K), 0 survivors (0K)
 Metaspace       used 5215K, committed 5376K, reserved 1114112K
  class space    used 697K, committed 768K, reserved 1048576K
}
Event: 0.383 GC heap after
{Heap after GC invocations=1 (full 0):
 garbage-first heap   total 524288K, used 7059K [0x0000000601400000, 0x0000000800000000)
  region size 4096K, 1 young (4096K), 1 survivors (4096K)
 Metaspace       used 5215K, committed 5376K, reserved 1114112K
  class space    used 697K, committed 768K, reserved 1048576K
}
Event: 0.565 GC heap before
{Heap before GC invocations=1 (full 0):
 garbage-first heap   total 524288K, used 27539K [0x0000000601400000, 0x0000000800000000)
  region size 4096K, 6 young (24576K), 1 survivors (4096K)
 Metaspace       used 9498K, committed 9728K, reserved 1114112K
  class space    used 1287K, committed 1408K, reserved 1048576K
}
Event: 0.567 GC heap after
{Heap after GC invocations=2 (full 0):
 garbage-first heap   total 524288K, used 8425K [0x0000000601400000, 0x0000000800000000)
  region size 4096K, 1 young (4096K), 1 survivors (4096K)
 Metaspace       used 9498K, committed 9728K, reserved 1114112K
  class space    used 1287K, committed 1408K, reserved 1048576K
}
Event: 1.022 GC heap before
{Heap before GC invocations=2 (full 0):
 garbage-first heap   total 524288K, used 65769K [0x0000000601400000, 0x0000000800000000)
  region size 4096K, 15 young (61440K), 1 survivors (4096K)
 Metaspace       used 18472K, committed 18816K, reserved 1114112K
  class space    used 2497K, committed 2688K, reserved 1048576K
}
Event: 1.025 GC heap after
{Heap after GC invocations=3 (full 0):
 garbage-first heap   total 524288K, used 13018K [0x0000000601400000, 0x0000000800000000)
  region size 4096K, 2 young (8192K), 2 survivors (8192K)
 Metaspace       used 18472K, committed 18816K, reserved 1114112K
  class space    used 2497K, committed 2688K, reserved 1048576K
}
Event: 1.220 GC heap before
{Heap before GC invocations=3 (full 0):
 garbage-first heap   total 524288K, used 29402K [0x0000000601400000, 0x0000000800000000)
  region size 4096K, 7 young (28672K), 2 survivors (8192K)
 Metaspace       used 21179K, committed 21504K, reserved 1114112K
  class space    used 2929K, committed 3072K, reserved 1048576K
}
Event: 1.223 GC heap after
{Heap after GC invocations=4 (full 0):
 garbage-first heap   total 524288K, used 14840K [0x0000000601400000, 0x0000000800000000)
  region size 4096K, 2 young (8192K), 2 survivors (8192K)
 Metaspace       used 21179K, committed 21504K, reserved 1114112K
  class space    used 2929K, committed 3072K, reserved 1048576K
}
Event: 1.600 GC heap before
{Heap before GC invocations=5 (full 0):
 garbage-first heap   total 69632K, used 47608K [0x0000000601400000, 0x0000000800000000)
  region size 4096K, 10 young (40960K), 2 survivors (8192K)
 Metaspace       used 26363K, committed 26816K, reserved 1114112K
  class space    used 3658K, committed 3840K, reserved 1048576K
}
Event: 1.603 GC heap after
{Heap after GC invocations=6 (full 0):
 garbage-first heap   total 69632K, used 16943K [0x0000000601400000, 0x0000000800000000)
  region size 4096K, 2 young (8192K), 2 survivors (8192K)
 Metaspace       used 26363K, committed 26816K, reserved 1114112K
  class space    used 3658K, committed 3840K, reserved 1048576K
}
Event: 1.650 GC heap before
{Heap before GC invocations=6 (full 0):
 garbage-first heap   total 69632K, used 21039K [0x0000000601400000, 0x0000000800000000)
  region size 4096K, 3 young (12288K), 2 survivors (8192K)
 Metaspace       used 27357K, committed 27776K, reserved 1114112K
  class space    used 3790K, committed 3968K, reserved 1048576K
}
Event: 1.651 GC heap after
{Heap after GC invocations=7 (full 0):
 garbage-first heap   total 69632K, used 17422K [0x0000000601400000, 0x0000000800000000)
  region size 4096K, 1 young (4096K), 1 survivors (4096K)
 Metaspace       used 27357K, committed 27776K, reserved 1114112K
  class space    used 3790K, committed 3968K, reserved 1048576K
}
Event: 1.915 GC heap before
{Heap before GC invocations=7 (full 0):
 garbage-first heap   total 69632K, used 41998K [0x0000000601400000, 0x0000000800000000)
  region size 4096K, 7 young (28672K), 1 survivors (4096K)
 Metaspace       used 32037K, committed 32512K, reserved 1114112K
  class space    used 4556K, committed 4800K, reserved 1048576K
}
Event: 1.917 GC heap after
{Heap after GC invocations=8 (full 0):
 garbage-first heap   total 69632K, used 19295K [0x0000000601400000, 0x0000000800000000)
  region size 4096K, 1 young (4096K), 1 survivors (4096K)
 Metaspace       used 32037K, committed 32512K, reserved 1114112K
  class space    used 4556K, committed 4800K, reserved 1048576K
}
Event: 33.783 GC heap before
{Heap before GC invocations=8 (full 0):
 garbage-first heap   total 69632K, used 39775K [0x0000000601400000, 0x0000000800000000)
  region size 4096K, 7 young (28672K), 1 survivors (4096K)
 Metaspace       used 35647K, committed 36096K, reserved 1114112K
  class space    used 5059K, committed 5312K, reserved 1048576K
}
Event: 33.785 GC heap after
{Heap after GC invocations=9 (full 0):
 garbage-first heap   total 69632K, used 21031K [0x0000000601400000, 0x0000000800000000)
  region size 4096K, 1 young (4096K), 1 survivors (4096K)
 Metaspace       used 35647K, committed 36096K, reserved 1114112K
  class space    used 5059K, committed 5312K, reserved 1048576K
}

